Starting OpenPose demo...
Configuring OpenPose...
Starting thread(s)...
Auto-detecting all available GPUs... Detected 1 GPU(s), using 1 of them starting at GPU 0.
OpenPose demo successfully finished. Total time: 107.161854 seconds.
Starting OpenPose demo...
Configuring OpenPose...
Starting thread(s)...
Auto-detecting all available GPUs... Detected 1 GPU(s), using 1 of them starting at GPU 0.
OpenPose demo successfully finished. Total time: 104.821664 seconds.
Starting OpenPose demo...
Configuring OpenPose...
Starting thread(s)...
Auto-detecting all available GPUs... Detected 1 GPU(s), using 1 of them starting at GPU 0.
OpenPose demo successfully finished. Total time: 225.565081 seconds.
Starting OpenPose demo...
Configuring OpenPose...
Starting thread(s)...
Auto-detecting all available GPUs... Detected 1 GPU(s), using 1 of them starting at GPU 0.
OpenPose demo successfully finished. Total time: 105.125950 seconds.
Starting OpenPose demo...
Configuring OpenPose...
Starting thread(s)...
Auto-detecting all available GPUs... Detected 1 GPU(s), using 1 of them starting at GPU 0.
OpenPose demo successfully finished. Total time: 65.357469 seconds.
Starting OpenPose demo...
Configuring OpenPose...
Starting thread(s)...
Auto-detecting all available GPUs... Detected 1 GPU(s), using 1 of them starting at GPU 0.
OpenPose demo successfully finished. Total time: 58.537196 seconds.
Starting OpenPose demo...
Configuring OpenPose...
Starting thread(s)...
Auto-detecting all available GPUs... Detected 1 GPU(s), using 1 of them starting at GPU 0.
OpenPose demo successfully finished. Total time: 157.145453 seconds.
Starting OpenPose demo...
Configuring OpenPose...
Starting thread(s)...
Auto-detecting all available GPUs... Detected 1 GPU(s), using 1 of them starting at GPU 0.
OpenPose demo successfully finished. Total time: 117.919549 seconds.
Starting OpenPose demo...
Configuring OpenPose...
Starting thread(s)...
Auto-detecting all available GPUs... Detected 1 GPU(s), using 1 of them starting at GPU 0.
Person tracking (`tracking` flag) is in experimental phase. Please, let us know if you find any bug on this alpha version.
OpenPose demo successfully finished. Total time: 105.682395 seconds.
Starting OpenPose demo...
Configuring OpenPose...
Starting thread(s)...
Auto-detecting all available GPUs... Detected 1 GPU(s), using 1 of them starting at GPU 0.
Person tracking (`tracking` flag) is in experimental phase. Please, let us know if you find any bug on this alpha version.
OpenPose demo successfully finished. Total time: 55.167810 seconds.
Starting OpenPose demo...
Configuring OpenPose...
Starting thread(s)...

Error:
VideoCapture (IP camera/video) could not be opened for path: 'C:\Users\USER\flagship2020\flask_backend\video\a.mp4'. If it is a video path, is the path correct?

Coming from:
- D:\Users\gines\Dropbox\Perceptual_Computing_Lab\openpose\openpose\src\openpose\producer\videoCaptureReader.cpp:op::VideoCaptureReader::VideoCaptureReader():54
- D:\Users\gines\Dropbox\Perceptual_Computing_Lab\openpose\openpose\src\openpose\producer\videoCaptureReader.cpp:op::VideoCaptureReader::VideoCaptureReader():58
- D:\Users\gines\Dropbox\Perceptual_Computing_Lab\openpose\openpose\src\openpose\producer\producer.cpp:op::createProducer():475
- D:\Users\gines\Dropbox\Perceptual_Computing_Lab\openpose\openpose\include\openpose/wrapper/wrapperAuxiliary.hpp:op::configureThreadManager():1222
- D:\Users\gines\Dropbox\Perceptual_Computing_Lab\openpose\openpose\include\openpose/wrapper/wrapper.hpp:op::WrapperT<struct op::Datum,class std::vector<class std::shared_ptr<struct op::Datum>,class std::allocator<class std::shared_ptr<struct op::Datum> > >,class std::shared_ptr<class std::vector<class std::shared_ptr<struct op::Datum>,class std::allocator<class std::shared_ptr<struct op::Datum> > > >,class std::shared_ptr<class op::Worker<class std::shared_ptr<class std::vector<class std::shared_ptr<struct op::Datum>,class std::allocator<class std::shared_ptr<struct op::Datum> > > > > > >::exec():424
Starting OpenPose demo...
Configuring OpenPose...
Starting thread(s)...
Auto-detecting all available GPUs... Detected 1 GPU(s), using 1 of them starting at GPU 0.
Person tracking (`tracking` flag) is in experimental phase. Please, let us know if you find any bug on this alpha version.
OpenPose demo successfully finished. Total time: 105.164249 seconds.
Starting OpenPose demo...
Configuring OpenPose...
Starting thread(s)...
[ERROR:0] global C:\build\master_winpack-build-win64-vc15\opencv\modules\videoio\src\cap.cpp (116) cv::VideoCapture::open VIDEOIO(CV_IMAGES): raised OpenCV exception:

OpenCV(4.2.0) C:\build\master_winpack-build-win64-vc15\opencv\modules\videoio\src\cap_images.cpp:253: error: (-5:Bad argument) CAP_IMAGES: can't find starting number (in the name of file): C:\Users\USER\flagship2020\flask_backend\video\.MOV in function 'cv::icvExtractPattern'



Error:
VideoCapture (IP camera/video) could not be opened for path: 'C:\Users\USER\flagship2020\flask_backend\video\.MOV'. If it is a video path, is the path correct?

Coming from:
- D:\Users\gines\Dropbox\Perceptual_Computing_Lab\openpose\openpose\src\openpose\producer\videoCaptureReader.cpp:op::VideoCaptureReader::VideoCaptureReader():54
- D:\Users\gines\Dropbox\Perceptual_Computing_Lab\openpose\openpose\src\openpose\producer\videoCaptureReader.cpp:op::VideoCaptureReader::VideoCaptureReader():58
- D:\Users\gines\Dropbox\Perceptual_Computing_Lab\openpose\openpose\src\openpose\producer\producer.cpp:op::createProducer():475
- D:\Users\gines\Dropbox\Perceptual_Computing_Lab\openpose\openpose\include\openpose/wrapper/wrapperAuxiliary.hpp:op::configureThreadManager():1222
- D:\Users\gines\Dropbox\Perceptual_Computing_Lab\openpose\openpose\include\openpose/wrapper/wrapper.hpp:op::WrapperT<struct op::Datum,class std::vector<class std::shared_ptr<struct op::Datum>,class std::allocator<class std::shared_ptr<struct op::Datum> > >,class std::shared_ptr<class std::vector<class std::shared_ptr<struct op::Datum>,class std::allocator<class std::shared_ptr<struct op::Datum> > > >,class std::shared_ptr<class op::Worker<class std::shared_ptr<class std::vector<class std::shared_ptr<struct op::Datum>,class std::allocator<class std::shared_ptr<struct op::Datum> > > > > > >::exec():424
Starting OpenPose demo...
Configuring OpenPose...
Starting thread(s)...
Auto-detecting all available GPUs... Detected 1 GPU(s), using 1 of them starting at GPU 0.
Person tracking (`tracking` flag) is in experimental phase. Please, let us know if you find any bug on this alpha version.
OpenPose demo successfully finished. Total time: 106.580104 seconds.
Starting OpenPose demo...
Configuring OpenPose...
Starting thread(s)...
Auto-detecting all available GPUs... Detected 1 GPU(s), using 1 of them starting at GPU 0.
Person tracking (`tracking` flag) is in experimental phase. Please, let us know if you find any bug on this alpha version.
OpenPose demo successfully finished. Total time: 56.289445 seconds.
Starting OpenPose demo...
Configuring OpenPose...
Starting thread(s)...
Auto-detecting all available GPUs... Detected 1 GPU(s), using 1 of them starting at GPU 0.
Person tracking (`tracking` flag) is in experimental phase. Please, let us know if you find any bug on this alpha version.
OpenPose demo successfully finished. Total time: 31.892407 seconds.
Starting OpenPose demo...
Configuring OpenPose...
Starting thread(s)...
Auto-detecting all available GPUs... Detected 1 GPU(s), using 1 of them starting at GPU 0.
Person tracking (`tracking` flag) is in experimental phase. Please, let us know if you find any bug on this alpha version.
OpenPose demo successfully finished. Total time: 159.150358 seconds.
Starting OpenPose demo...
Configuring OpenPose...
Starting thread(s)...
Auto-detecting all available GPUs... Detected 1 GPU(s), using 1 of them starting at GPU 0.
Person tracking (`tracking` flag) is in experimental phase. Please, let us know if you find any bug on this alpha version.
OpenPose demo successfully finished. Total time: 730.756552 seconds.
Starting OpenPose demo...
Configuring OpenPose...
Starting thread(s)...
Auto-detecting all available GPUs... Detected 1 GPU(s), using 1 of them starting at GPU 0.
Person tracking (`tracking` flag) is in experimental phase. Please, let us know if you find any bug on this alpha version.
Starting OpenPose demo...
Configuring OpenPose...
Starting thread(s)...
Auto-detecting all available GPUs... Detected 1 GPU(s), using 1 of them starting at GPU 0.
Person tracking (`tracking` flag) is in experimental phase. Please, let us know if you find any bug on this alpha version.
F0715 14:49:57.007688 13600 syncedmem.cpp:71] Check failed: error == cudaSuccess (2 vs. 0)  out of memory
*** Check failure stack trace: ***
Starting OpenPose demo...
Configuring OpenPose...
Starting thread(s)...
Auto-detecting all available GPUs... Detected 1 GPU(s), using 1 of them starting at GPU 0.
Person tracking (`tracking` flag) is in experimental phase. Please, let us know if you find any bug on this alpha version.
F0715 14:50:02.594744 20856 syncedmem.cpp:71] Check failed: error == cudaSuccess (2 vs. 0)  out of memory
*** Check failure stack trace: ***
Starting OpenPose demo...
Configuring OpenPose...
Starting thread(s)...
Auto-detecting all available GPUs... Detected 1 GPU(s), using 1 of them starting at GPU 0.
Person tracking (`tracking` flag) is in experimental phase. Please, let us know if you find any bug on this alpha version.
Starting OpenPose demo...
Configuring OpenPose...
Starting thread(s)...
Auto-detecting all available GPUs... Detected 1 GPU(s), using 1 of them starting at GPU 0.
Person tracking (`tracking` flag) is in experimental phase. Please, let us know if you find any bug on this alpha version.

Error:
Json file C:\Users\USER\flagship2020\flask_backend\json\\_000000000438_keypoints.json could not be opened.

Coming from:
- D:\Users\gines\Dropbox\Perceptual_Computing_Lab\openpose\openpose\src\openpose\filestream\jsonOfstream.cpp:op::JsonOfstream::JsonOfstream():32
- D:\Users\gines\Dropbox\Perceptual_Computing_Lab\openpose\openpose\src\openpose\filestream\jsonOfstream.cpp:op::JsonOfstream::JsonOfstream():36
- D:\Users\gines\Dropbox\Perceptual_Computing_Lab\openpose\openpose\src\openpose\filestream\fileStream.cpp:op::savePeopleJson():342
- D:\Users\gines\Dropbox\Perceptual_Computing_Lab\openpose\openpose\src\openpose\filestream\peopleJsonSaver.cpp:op::PeopleJsonSaver::save():28
- D:\Users\gines\Dropbox\Perceptual_Computing_Lab\openpose\openpose\include\openpose/filestream/wPeopleJsonSaver.hpp:op::WPeopleJsonSaver<class std::shared_ptr<class std::vector<class std::shared_ptr<struct op::Datum>,class std::allocator<class std::shared_ptr<struct op::Datum> > > > >::workConsumer():106
- D:\Users\gines\Dropbox\Perceptual_Computing_Lab\openpose\openpose\include\openpose/thread/workerConsumer.hpp:op::WorkerConsumer<class std::shared_ptr<class std::vector<class std::shared_ptr<struct op::Datum>,class std::allocator<class std::shared_ptr<struct op::Datum> > > > >::work():44
- D:\Users\gines\Dropbox\Perceptual_Computing_Lab\openpose\openpose\include\openpose/thread/worker.hpp:op::Worker<class std::shared_ptr<class std::vector<class std::shared_ptr<struct op::Datum>,class std::allocator<class std::shared_ptr<struct op::Datum> > > > >::checkAndWork():93
- D:\Users\gines\Dropbox\Perceptual_Computing_Lab\openpose\openpose\include\openpose/thread/subThread.hpp:op::SubThread<class std::shared_ptr<class std::vector<class std::shared_ptr<struct op::Datum>,class std::allocator<class std::shared_ptr<struct op::Datum> > > >,class std::shared_ptr<class op::Worker<class std::shared_ptr<class std::vector<class std::shared_ptr<struct op::Datum>,class std::allocator<class std::shared_ptr<struct op::Datum> > > > > > >::workTWorkers():135
- D:\Users\gines\Dropbox\Perceptual_Computing_Lab\openpose\openpose\include\openpose/thread/subThreadQueueIn.hpp:op::SubThreadQueueIn<class std::shared_ptr<class std::vector<class std::shared_ptr<struct op::Datum>,class std::allocator<class std::shared_ptr<struct op::Datum> > > >,class std::shared_ptr<class op::Worker<class std::shared_ptr<class std::vector<class std::shared_ptr<struct op::Datum>,class std::allocator<class std::shared_ptr<struct op::Datum> > > > > >,class op::Queue<class std::shared_ptr<class std::vector<class std::shared_ptr<struct op::Datum>,class std::allocator<class std::shared_ptr<struct op::Datum> > > >,class std::queue<class std::shared_ptr<class std::vector<class std::shared_ptr<struct op::Datum>,class std::allocator<class std::shared_ptr<struct op::Datum> > > >,class std::deque<class std::shared_ptr<class std::vector<class std::shared_ptr<struct op::Datum>,class std::allocator<class std::shared_ptr<struct op::Datum> > > >,class std::allocator<class std::shared_ptr<class std::vector<class std::shared_ptr<struct op::Datum>,class std::allocator<class std::shared_ptr<struct op::Datum> > > > > > > > >::work():71
- D:\Users\gines\Dropbox\Perceptual_Computing_Lab\openpose\openpose\include\openpose/thread/thread.hpp:op::Thread<class std::shared_ptr<class std::vector<class std::shared_ptr<struct op::Datum>,class std::allocator<class std::shared_ptr<struct op::Datum> > > >,class std::shared_ptr<class op::Worker<class std::shared_ptr<class std::vector<class std::shared_ptr<struct op::Datum>,class std::allocator<class std::shared_ptr<struct op::Datum> > > > > > >::threadFunction():203
- D:\Users\gines\Dropbox\Perceptual_Computing_Lab\openpose\openpose\include\openpose/thread/thread.hpp:op::Thread<class std::shared_ptr<class std::vector<class std::shared_ptr<struct op::Datum>,class std::allocator<class std::shared_ptr<struct op::Datum> > > >,class std::shared_ptr<class op::Worker<class std::shared_ptr<class std::vector<class std::shared_ptr<struct op::Datum>,class std::allocator<class std::shared_ptr<struct op::Datum> > > > > > >::exec():128
- D:\Users\gines\Dropbox\Perceptual_Computing_Lab\openpose\openpose\include\openpose/thread/threadManager.hpp:op::ThreadManager<class std::shared_ptr<class std::vector<class std::shared_ptr<struct op::Datum>,class std::allocator<class std::shared_ptr<struct op::Datum> > > >,class std::shared_ptr<class op::Worker<class std::shared_ptr<class std::vector<class std::shared_ptr<struct op::Datum>,class std::allocator<class std::shared_ptr<struct op::Datum> > > > > >,class op::Queue<class std::shared_ptr<class std::vector<class std::shared_ptr<struct op::Datum>,class std::allocator<class std::shared_ptr<struct op::Datum> > > >,class std::queue<class std::shared_ptr<class std::vector<class std::shared_ptr<struct op::Datum>,class std::allocator<class std::shared_ptr<struct op::Datum> > > >,class std::deque<class std::shared_ptr<class std::vector<class std::shared_ptr<struct op::Datum>,class std::allocator<class std::shared_ptr<struct op::Datum> > > >,class std::allocator<class std::shared_ptr<class std::vector<class std::shared_ptr<struct op::Datum>,class std::allocator<class std::shared_ptr<struct op::Datum> > > > > > > > >::exec():202
- D:\Users\gines\Dropbox\Perceptual_Computing_Lab\openpose\openpose\include\openpose/wrapper/wrapper.hpp:op::WrapperT<struct op::Datum,class std::vector<class std::shared_ptr<struct op::Datum>,class std::allocator<class std::shared_ptr<struct op::Datum> > >,class std::shared_ptr<class std::vector<class std::shared_ptr<struct op::Datum>,class std::allocator<class std::shared_ptr<struct op::Datum> > > >,class std::shared_ptr<class op::Worker<class std::shared_ptr<class std::vector<class std::shared_ptr<struct op::Datum>,class std::allocator<class std::shared_ptr<struct op::Datum> > > > > > >::exec():424
Starting OpenPose demo...
Configuring OpenPose...
Starting thread(s)...
Auto-detecting all available GPUs... Detected 1 GPU(s), using 1 of them starting at GPU 0.
Person tracking (`tracking` flag) is in experimental phase. Please, let us know if you find any bug on this alpha version.
OpenPose demo successfully finished. Total time: 654.439258 seconds.
Starting OpenPose demo...
Configuring OpenPose...
Starting thread(s)...
Auto-detecting all available GPUs... Detected 1 GPU(s), using 1 of them starting at GPU 0.
Person tracking (`tracking` flag) is in experimental phase. Please, let us know if you find any bug on this alpha version.
OpenPose demo successfully finished. Total time: 1375.269479 seconds.
Starting OpenPose demo...
Configuring OpenPose...
Starting thread(s)...
Auto-detecting all available GPUs... Detected 1 GPU(s), using 1 of them starting at GPU 0.
Person tracking (`tracking` flag) is in experimental phase. Please, let us know if you find any bug on this alpha version.
OpenPose demo successfully finished. Total time: 1374.646796 seconds.
Starting OpenPose demo...
Configuring OpenPose...
Starting thread(s)...
Auto-detecting all available GPUs... Detected 1 GPU(s), using 1 of them starting at GPU 0.
Person tracking (`tracking` flag) is in experimental phase. Please, let us know if you find any bug on this alpha version.
OpenPose demo successfully finished. Total time: 105.183831 seconds.
Starting OpenPose demo...
Configuring OpenPose...
Starting thread(s)...
Auto-detecting all available GPUs... Detected 1 GPU(s), using 1 of them starting at GPU 0.
Person tracking (`tracking` flag) is in experimental phase. Please, let us know if you find any bug on this alpha version.
OpenPose demo successfully finished. Total time: 65.336884 seconds.
Starting OpenPose demo...
Configuring OpenPose...
Starting thread(s)...
Auto-detecting all available GPUs... Detected 1 GPU(s), using 1 of them starting at GPU 0.
Person tracking (`tracking` flag) is in experimental phase. Please, let us know if you find any bug on this alpha version.
OpenPose demo successfully finished. Total time: 97.156859 seconds.
Starting OpenPose demo...
Configuring OpenPose...
Starting thread(s)...
Auto-detecting all available GPUs... Detected 1 GPU(s), using 1 of them starting at GPU 0.
Person tracking (`tracking` flag) is in experimental phase. Please, let us know if you find any bug on this alpha version.
OpenPose demo successfully finished. Total time: 39.030098 seconds.
Starting OpenPose demo...
Configuring OpenPose...
Starting thread(s)...
Auto-detecting all available GPUs... Detected 1 GPU(s), using 1 of them starting at GPU 0.
Person tracking (`tracking` flag) is in experimental phase. Please, let us know if you find any bug on this alpha version.
OpenPose demo successfully finished. Total time: 193.472056 seconds.
Starting OpenPose demo...
Configuring OpenPose...
Starting thread(s)...
Auto-detecting all available GPUs... Detected 1 GPU(s), using 1 of them starting at GPU 0.
Person tracking (`tracking` flag) is in experimental phase. Please, let us know if you find any bug on this alpha version.
OpenPose demo successfully finished. Total time: 70.739661 seconds.
Starting OpenPose demo...
Configuring OpenPose...
Starting thread(s)...
Auto-detecting all available GPUs... Detected 1 GPU(s), using 1 of them starting at GPU 0.
Person tracking (`tracking` flag) is in experimental phase. Please, let us know if you find any bug on this alpha version.
OpenPose demo successfully finished. Total time: 70.874102 seconds.
Starting OpenPose demo...
Configuring OpenPose...
Starting thread(s)...
Auto-detecting all available GPUs... Detected 1 GPU(s), using 1 of them starting at GPU 0.
Person tracking (`tracking` flag) is in experimental phase. Please, let us know if you find any bug on this alpha version.
OpenPose demo successfully finished. Total time: 112.257497 seconds.
Starting OpenPose demo...
Configuring OpenPose...
Starting thread(s)...
Auto-detecting all available GPUs... Detected 1 GPU(s), using 1 of them starting at GPU 0.
Person tracking (`tracking` flag) is in experimental phase. Please, let us know if you find any bug on this alpha version.
OpenPose demo successfully finished. Total time: 688.203711 seconds.
Starting OpenPose demo...
Configuring OpenPose...
Starting thread(s)...
Auto-detecting all available GPUs... Detected 1 GPU(s), using 1 of them starting at GPU 0.
Person tracking (`tracking` flag) is in experimental phase. Please, let us know if you find any bug on this alpha version.
OpenPose demo successfully finished. Total time: 109.457359 seconds.
Starting OpenPose demo...
Configuring OpenPose...
Starting thread(s)...
Auto-detecting all available GPUs... Detected 1 GPU(s), using 1 of them starting at GPU 0.
Person tracking (`tracking` flag) is in experimental phase. Please, let us know if you find any bug on this alpha version.
OpenPose demo successfully finished. Total time: 683.621680 seconds.
Starting OpenPose demo...
Configuring OpenPose...
Starting thread(s)...
Auto-detecting all available GPUs... Detected 1 GPU(s), using 1 of them starting at GPU 0.
Person tracking (`tracking` flag) is in experimental phase. Please, let us know if you find any bug on this alpha version.
OpenPose demo successfully finished. Total time: 413.754895 seconds.
Starting OpenPose demo...
Configuring OpenPose...
Starting thread(s)...
Auto-detecting all available GPUs... Detected 1 GPU(s), using 1 of them starting at GPU 0.
Person tracking (`tracking` flag) is in experimental phase. Please, let us know if you find any bug on this alpha version.
OpenPose demo successfully finished. Total time: 401.324862 seconds.
